<?xml version="1.0" encoding="UTF-8"?>
<!-- Generated by org.testng.reporters.JUnitReportReporter -->
<testsuite hostname="DESKTOP-I0IJGIS" failures="0" tests="1" name="TaskTest.CreateCustomerInTaskTest" time="18.682" errors="0" timestamp="2022-09-20T23:10:28 IST" skipped="0">
  <testcase classname="TaskTest.CreateCustomerInTaskTest" name="createCustomerTest" time="18.682"/>
  <system-out/>
</testsuite> <!-- TaskTest.CreateCustomerInTaskTest -->
