<?xml version="1.0" encoding="UTF-8"?>
<!-- Generated by org.testng.reporters.JUnitReportReporter -->
<testsuite hostname="DESKTOP-I0IJGIS" failures="0" tests="1" name="TaskTest.CreateCustomerInTaskTest" time="17.477" errors="0" timestamp="2022-09-16T21:15:19 IST" skipped="0">
  <testcase classname="TaskTest.CreateCustomerInTaskTest" name="createCustomerTest" time="17.477"/>
  <system-out/>
</testsuite> <!-- TaskTest.CreateCustomerInTaskTest -->
